<?xml version="1.0" encoding="utf-8"?>
<TestRun id="dc845b18-8e21-44f3-8a3f-d8274548640f" name="CamiloMortigo@EPCOBOGW0221 2025-03-26 23:44:33" runUser="AzureAD\CamiloMortigo" xmlns="http://microsoft.com/schemas/VisualStudio/TeamTest/2010">
  <Times creation="2025-03-26T23:44:33.0726160-05:00" queuing="2025-03-26T23:44:33.0726164-05:00" start="2025-03-26T23:44:32.5129078-05:00" finish="2025-03-26T23:44:33.0730129-05:00" />
  <TestSettings name="default" id="7ef222ec-0324-4a40-b3f6-65bee84a0cbf">
    <Deployment runDeploymentRoot="CamiloMortigo_EPCOBOGW0221_2025-03-26_23_44_33" />
  </TestSettings>
  <TestLists>
    <TestList name="Results Not in a List" id="8c84fa94-04c1-424b-9868-57a2d4851a1d" />
    <TestList name="All Loaded Results" id="19431567-8539-422a-85d7-44ee4e166bda" />
  </TestLists>
  <ResultSummary outcome="Completed">
    <Counters total="0" executed="0" passed="0" failed="0" error="0" timeout="0" aborted="0" inconclusive="0" passedButRunAborted="0" notRunnable="0" notExecuted="0" disconnected="0" warning="0" completed="0" inProgress="0" pending="0" />
    <Output>
      <StdOut>NUnit Adapter 4.5.0.0: Test execution started&#xD;
Running all tests in C:\Users\CamiloMortigo\Documents\on-boarding-tasks\on-boarding-project\bin\Debug\net8.0\core.dll&#xD;
   NUnit3TestExecutor discovered 0 of 0 NUnit test cases using Current Discovery mode, Explicit run&#xD;
NUnit Adapter 4.5.0.0: Test execution complete&#xD;
</StdOut>
    </Output>
    <RunInfos>
      <RunInfo computerName="EPCOBOGW0221" outcome="Warning" timestamp="2025-03-26T23:44:33.0113327-05:00">
        <Text>No test is available in C:\Users\CamiloMortigo\Documents\on-boarding-tasks\on-boarding-project\bin\Debug\net8.0\core.dll. Make sure that test discoverer &amp; executors are registered and platform &amp; framework version settings are appropriate and try again.</Text>
      </RunInfo>
    </RunInfos>
  </ResultSummary>
</TestRun>