<?xml version="1.0" encoding="utf-8"?>
<TestRun id="5ed58d2a-f704-4cd9-9486-c64e74835fa0" name="CamiloMortigo@EPCOBOGW0221 2025-03-26 16:51:48" runUser="AzureAD\CamiloMortigo" xmlns="http://microsoft.com/schemas/VisualStudio/TeamTest/2010">
  <Times creation="2025-03-26T16:51:48.5619278-05:00" queuing="2025-03-26T16:51:48.5619282-05:00" start="2025-03-26T16:51:31.5836101-05:00" finish="2025-03-26T16:51:51.3048568-05:00" />
  <TestSettings name="default" id="8373d02d-aa1c-47ad-9e62-c724a4a2c178">
    <Deployment runDeploymentRoot="CamiloMortigo_EPCOBOGW0221_2025-03-26_16_51_48" />
  </TestSettings>
  <Results>
    <UnitTestResult executionId="d9639fb9-2cf6-400f-a9ca-f13de2917af4" testId="627b2988-67d9-38a5-c80b-79ebb8a85e25" testName="GetUsersListTest" computerName="EPCOBOGW0221" duration="00:00:00.4434460" startTime="2025-03-26T16:51:48.5253691-05:00" endTime="2025-03-26T16:51:48.9688176-05:00" testType="13cdc9d9-ddb5-4fa4-a97d-d965ccfc6d4b" outcome="Failed" testListId="8c84fa94-04c1-424b-9868-57a2d4851a1d" relativeResultsDirectory="d9639fb9-2cf6-400f-a9ca-f13de2917af4">
      <Output>
        <ErrorInfo>
          <Message>Microsoft.Playwright.PlaywrightException : Executable doesn't exist at C:\Users\CamiloMortigo\AppData\Local\ms-playwright\chromium_headless_shell-1155\chrome-win\headless_shell.exe&#xD;
╔════════════════════════════════════════════════════════════╗&#xD;
║ Looks like Playwright was just installed or updated.       ║&#xD;
║ Please run the following command to download new browsers: ║&#xD;
║                                                            ║&#xD;
║     pwsh bin/Debug/netX/playwright.ps1 install             ║&#xD;
║                                                            ║&#xD;
║ &lt;3 Playwright Team                                         ║&#xD;
╚════════════════════════════════════════════════════════════╝&#xD;
TearDown : System.NullReferenceException : Object reference not set to an instance of an object.</Message>
          <StackTrace>   at Microsoft.Playwright.Transport.Connection.InnerSendMessageToServerAsync[T](ChannelOwner object, String method, Dictionary`2 dictionary, Boolean keepNulls) in /_/src/Playwright/Transport/Connection.cs:line 206&#xD;
   at Microsoft.Playwright.Transport.Connection.WrapApiCallAsync[T](Func`1 action, Boolean isInternal) in /_/src/Playwright/Transport/Connection.cs:line 535&#xD;
   at Microsoft.Playwright.Core.BrowserType.LaunchAsync(BrowserTypeLaunchOptions options) in /_/src/Playwright/Core/BrowserType.cs:line 56&#xD;
   at tests.APITests.Setup() in C:\Users\CamiloMortigo\Documents\on-boarding-tasks\tests\APITests.cs:line 26&#xD;
   at NUnit.Framework.Internal.TaskAwaitAdapter.GenericAdapter`1.BlockUntilCompleted()&#xD;
   at NUnit.Framework.Internal.MessagePumpStrategy.NoMessagePumpStrategy.WaitForCompletion(AwaitAdapter awaiter)&#xD;
   at NUnit.Framework.Internal.AsyncToSyncAdapter.Await(Func`1 invoke)&#xD;
   at NUnit.Framework.Internal.Commands.SetUpTearDownItem.RunSetUpOrTearDownMethod(TestExecutionContext context, IMethodInfo method)&#xD;
   at NUnit.Framework.Internal.Commands.SetUpTearDownItem.RunSetUp(TestExecutionContext context)&#xD;
   at NUnit.Framework.Internal.Commands.SetUpTearDownCommand.&lt;&gt;c__DisplayClass0_0.&lt;.ctor&gt;b__0(TestExecutionContext context)&#xD;
   at NUnit.Framework.Internal.Commands.BeforeAndAfterTestCommand.&lt;&gt;c__DisplayClass1_0.&lt;Execute&gt;b__0()&#xD;
   at NUnit.Framework.Internal.Commands.DelegatingTestCommand.RunTestMethodInThreadAbortSafeZone(TestExecutionContext context, Action action)&#xD;
--TearDown&#xD;
   at tests.APITests.Cleanup() in C:\Users\CamiloMortigo\Documents\on-boarding-tasks\tests\APITests.cs:line 71&#xD;
   at NUnit.Framework.Internal.TaskAwaitAdapter.GenericAdapter`1.GetResult()&#xD;
   at NUnit.Framework.Internal.AsyncToSyncAdapter.Await(Func`1 invoke)&#xD;
   at NUnit.Framework.Internal.Commands.SetUpTearDownItem.RunSetUpOrTearDownMethod(TestExecutionContext context, IMethodInfo method)&#xD;
   at NUnit.Framework.Internal.Commands.SetUpTearDownItem.RunTearDown(TestExecutionContext context)
</StackTrace>
        </ErrorInfo>
      </Output>
    </UnitTestResult>
    <UnitTestResult executionId="ffe699fd-2d67-4ab0-aab7-bbb37de466bc" testId="8789fb38-601e-45ce-988c-0ad58291c7ef" testName="CreateNewUserTest" computerName="EPCOBOGW0221" duration="00:00:02.5224680" startTime="2025-03-26T16:51:46.0017708-05:00" endTime="2025-03-26T16:51:48.5241844-05:00" testType="13cdc9d9-ddb5-4fa4-a97d-d965ccfc6d4b" outcome="Failed" testListId="8c84fa94-04c1-424b-9868-57a2d4851a1d" relativeResultsDirectory="ffe699fd-2d67-4ab0-aab7-bbb37de466bc">
      <Output>
        <ErrorInfo>
          <Message>Microsoft.Playwright.PlaywrightException : Executable doesn't exist at C:\Users\CamiloMortigo\AppData\Local\ms-playwright\chromium_headless_shell-1155\chrome-win\headless_shell.exe&#xD;
╔════════════════════════════════════════════════════════════╗&#xD;
║ Looks like Playwright was just installed or updated.       ║&#xD;
║ Please run the following command to download new browsers: ║&#xD;
║                                                            ║&#xD;
║     pwsh bin/Debug/netX/playwright.ps1 install             ║&#xD;
║                                                            ║&#xD;
║ &lt;3 Playwright Team                                         ║&#xD;
╚════════════════════════════════════════════════════════════╝&#xD;
TearDown : System.NullReferenceException : Object reference not set to an instance of an object.</Message>
          <StackTrace>   at Microsoft.Playwright.Transport.Connection.InnerSendMessageToServerAsync[T](ChannelOwner object, String method, Dictionary`2 dictionary, Boolean keepNulls) in /_/src/Playwright/Transport/Connection.cs:line 206&#xD;
   at Microsoft.Playwright.Transport.Connection.WrapApiCallAsync[T](Func`1 action, Boolean isInternal) in /_/src/Playwright/Transport/Connection.cs:line 535&#xD;
   at Microsoft.Playwright.Core.BrowserType.LaunchAsync(BrowserTypeLaunchOptions options) in /_/src/Playwright/Core/BrowserType.cs:line 56&#xD;
   at tests.APITests.Setup() in C:\Users\CamiloMortigo\Documents\on-boarding-tasks\tests\APITests.cs:line 26&#xD;
   at NUnit.Framework.Internal.TaskAwaitAdapter.GenericAdapter`1.BlockUntilCompleted()&#xD;
   at NUnit.Framework.Internal.MessagePumpStrategy.NoMessagePumpStrategy.WaitForCompletion(AwaitAdapter awaiter)&#xD;
   at NUnit.Framework.Internal.AsyncToSyncAdapter.Await(Func`1 invoke)&#xD;
   at NUnit.Framework.Internal.Commands.SetUpTearDownItem.RunSetUpOrTearDownMethod(TestExecutionContext context, IMethodInfo method)&#xD;
   at NUnit.Framework.Internal.Commands.SetUpTearDownItem.RunSetUp(TestExecutionContext context)&#xD;
   at NUnit.Framework.Internal.Commands.SetUpTearDownCommand.&lt;&gt;c__DisplayClass0_0.&lt;.ctor&gt;b__0(TestExecutionContext context)&#xD;
   at NUnit.Framework.Internal.Commands.BeforeAndAfterTestCommand.&lt;&gt;c__DisplayClass1_0.&lt;Execute&gt;b__0()&#xD;
   at NUnit.Framework.Internal.Commands.DelegatingTestCommand.RunTestMethodInThreadAbortSafeZone(TestExecutionContext context, Action action)&#xD;
--TearDown&#xD;
   at tests.APITests.Cleanup() in C:\Users\CamiloMortigo\Documents\on-boarding-tasks\tests\APITests.cs:line 71&#xD;
   at NUnit.Framework.Internal.TaskAwaitAdapter.GenericAdapter`1.GetResult()&#xD;
   at NUnit.Framework.Internal.AsyncToSyncAdapter.Await(Func`1 invoke)&#xD;
   at NUnit.Framework.Internal.Commands.SetUpTearDownItem.RunSetUpOrTearDownMethod(TestExecutionContext context, IMethodInfo method)&#xD;
   at NUnit.Framework.Internal.Commands.SetUpTearDownItem.RunTearDown(TestExecutionContext context)
</StackTrace>
        </ErrorInfo>
      </Output>
    </UnitTestResult>
    <UnitTestResult executionId="14b53143-acef-4ce1-9c71-0960deaa3237" testId="5fd7123a-f293-a1c8-8b3b-07f7a689fdc2" testName="LoginWithLockedOutUser" computerName="EPCOBOGW0221" duration="00:00:00.3955659" startTime="2025-03-26T16:51:48.9720582-05:00" endTime="2025-03-26T16:51:49.3676234-05:00" testType="13cdc9d9-ddb5-4fa4-a97d-d965ccfc6d4b" outcome="Failed" testListId="8c84fa94-04c1-424b-9868-57a2d4851a1d" relativeResultsDirectory="14b53143-acef-4ce1-9c71-0960deaa3237">
      <Output>
        <ErrorInfo>
          <Message>Microsoft.Playwright.PlaywrightException : Executable doesn't exist at C:\Users\CamiloMortigo\AppData\Local\ms-playwright\chromium_headless_shell-1155\chrome-win\headless_shell.exe&#xD;
╔════════════════════════════════════════════════════════════╗&#xD;
║ Looks like Playwright was just installed or updated.       ║&#xD;
║ Please run the following command to download new browsers: ║&#xD;
║                                                            ║&#xD;
║     pwsh bin/Debug/netX/playwright.ps1 install             ║&#xD;
║                                                            ║&#xD;
║ &lt;3 Playwright Team                                         ║&#xD;
╚════════════════════════════════════════════════════════════╝&#xD;
TearDown : System.NullReferenceException : Object reference not set to an instance of an object.</Message>
          <StackTrace>   at Microsoft.Playwright.Transport.Connection.InnerSendMessageToServerAsync[T](ChannelOwner object, String method, Dictionary`2 dictionary, Boolean keepNulls) in /_/src/Playwright/Transport/Connection.cs:line 206&#xD;
   at Microsoft.Playwright.Transport.Connection.WrapApiCallAsync[T](Func`1 action, Boolean isInternal) in /_/src/Playwright/Transport/Connection.cs:line 535&#xD;
   at Microsoft.Playwright.Core.BrowserType.LaunchAsync(BrowserTypeLaunchOptions options) in /_/src/Playwright/Core/BrowserType.cs:line 56&#xD;
   at tests.UITests.Setup() in C:\Users\CamiloMortigo\Documents\on-boarding-tasks\tests\UITests.cs:line 21&#xD;
   at NUnit.Framework.Internal.TaskAwaitAdapter.GenericAdapter`1.BlockUntilCompleted()&#xD;
   at NUnit.Framework.Internal.MessagePumpStrategy.NoMessagePumpStrategy.WaitForCompletion(AwaitAdapter awaiter)&#xD;
   at NUnit.Framework.Internal.AsyncToSyncAdapter.Await(Func`1 invoke)&#xD;
   at NUnit.Framework.Internal.Commands.SetUpTearDownItem.RunSetUpOrTearDownMethod(TestExecutionContext context, IMethodInfo method)&#xD;
   at NUnit.Framework.Internal.Commands.SetUpTearDownItem.RunSetUp(TestExecutionContext context)&#xD;
   at NUnit.Framework.Internal.Commands.SetUpTearDownCommand.&lt;&gt;c__DisplayClass0_0.&lt;.ctor&gt;b__0(TestExecutionContext context)&#xD;
   at NUnit.Framework.Internal.Commands.BeforeAndAfterTestCommand.&lt;&gt;c__DisplayClass1_0.&lt;Execute&gt;b__0()&#xD;
   at NUnit.Framework.Internal.Commands.DelegatingTestCommand.RunTestMethodInThreadAbortSafeZone(TestExecutionContext context, Action action)&#xD;
--TearDown&#xD;
   at tests.UITests.TearDown() in C:\Users\CamiloMortigo\Documents\on-boarding-tasks\tests\UITests.cs:line 54&#xD;
   at NUnit.Framework.Internal.TaskAwaitAdapter.GenericAdapter`1.GetResult()&#xD;
   at NUnit.Framework.Internal.AsyncToSyncAdapter.Await(Func`1 invoke)&#xD;
   at NUnit.Framework.Internal.Commands.SetUpTearDownItem.RunSetUpOrTearDownMethod(TestExecutionContext context, IMethodInfo method)&#xD;
   at NUnit.Framework.Internal.Commands.SetUpTearDownItem.RunTearDown(TestExecutionContext context)
</StackTrace>
        </ErrorInfo>
      </Output>
    </UnitTestResult>
    <UnitTestResult executionId="4a526e36-cdd7-4076-aaf6-9b689420c6a6" testId="4fd3b60f-141c-c701-940e-e758a363de87" testName="VerifyShoppingPageTest" computerName="EPCOBOGW0221" duration="00:00:01.8784450" startTime="2025-03-26T16:51:49.3676539-05:00" endTime="2025-03-26T16:51:51.2460980-05:00" testType="13cdc9d9-ddb5-4fa4-a97d-d965ccfc6d4b" outcome="Failed" testListId="8c84fa94-04c1-424b-9868-57a2d4851a1d" relativeResultsDirectory="4a526e36-cdd7-4076-aaf6-9b689420c6a6">
      <Output>
        <ErrorInfo>
          <Message>Microsoft.Playwright.PlaywrightException : Executable doesn't exist at C:\Users\CamiloMortigo\AppData\Local\ms-playwright\chromium_headless_shell-1155\chrome-win\headless_shell.exe&#xD;
╔════════════════════════════════════════════════════════════╗&#xD;
║ Looks like Playwright was just installed or updated.       ║&#xD;
║ Please run the following command to download new browsers: ║&#xD;
║                                                            ║&#xD;
║     pwsh bin/Debug/netX/playwright.ps1 install             ║&#xD;
║                                                            ║&#xD;
║ &lt;3 Playwright Team                                         ║&#xD;
╚════════════════════════════════════════════════════════════╝&#xD;
TearDown : System.NullReferenceException : Object reference not set to an instance of an object.</Message>
          <StackTrace>   at Microsoft.Playwright.Transport.Connection.InnerSendMessageToServerAsync[T](ChannelOwner object, String method, Dictionary`2 dictionary, Boolean keepNulls) in /_/src/Playwright/Transport/Connection.cs:line 206&#xD;
   at Microsoft.Playwright.Transport.Connection.WrapApiCallAsync[T](Func`1 action, Boolean isInternal) in /_/src/Playwright/Transport/Connection.cs:line 535&#xD;
   at Microsoft.Playwright.Core.BrowserType.LaunchAsync(BrowserTypeLaunchOptions options) in /_/src/Playwright/Core/BrowserType.cs:line 56&#xD;
   at tests.UITests.Setup() in C:\Users\CamiloMortigo\Documents\on-boarding-tasks\tests\UITests.cs:line 21&#xD;
   at NUnit.Framework.Internal.TaskAwaitAdapter.GenericAdapter`1.BlockUntilCompleted()&#xD;
   at NUnit.Framework.Internal.MessagePumpStrategy.NoMessagePumpStrategy.WaitForCompletion(AwaitAdapter awaiter)&#xD;
   at NUnit.Framework.Internal.AsyncToSyncAdapter.Await(Func`1 invoke)&#xD;
   at NUnit.Framework.Internal.Commands.SetUpTearDownItem.RunSetUpOrTearDownMethod(TestExecutionContext context, IMethodInfo method)&#xD;
   at NUnit.Framework.Internal.Commands.SetUpTearDownItem.RunSetUp(TestExecutionContext context)&#xD;
   at NUnit.Framework.Internal.Commands.SetUpTearDownCommand.&lt;&gt;c__DisplayClass0_0.&lt;.ctor&gt;b__0(TestExecutionContext context)&#xD;
   at NUnit.Framework.Internal.Commands.BeforeAndAfterTestCommand.&lt;&gt;c__DisplayClass1_0.&lt;Execute&gt;b__0()&#xD;
   at NUnit.Framework.Internal.Commands.DelegatingTestCommand.RunTestMethodInThreadAbortSafeZone(TestExecutionContext context, Action action)&#xD;
--TearDown&#xD;
   at tests.UITests.TearDown() in C:\Users\CamiloMortigo\Documents\on-boarding-tasks\tests\UITests.cs:line 54&#xD;
   at NUnit.Framework.Internal.TaskAwaitAdapter.GenericAdapter`1.GetResult()&#xD;
   at NUnit.Framework.Internal.AsyncToSyncAdapter.Await(Func`1 invoke)&#xD;
   at NUnit.Framework.Internal.Commands.SetUpTearDownItem.RunSetUpOrTearDownMethod(TestExecutionContext context, IMethodInfo method)&#xD;
   at NUnit.Framework.Internal.Commands.SetUpTearDownItem.RunTearDown(TestExecutionContext context)
</StackTrace>
        </ErrorInfo>
      </Output>
    </UnitTestResult>
  </Results>
  <TestDefinitions>
    <UnitTest name="GetUsersListTest" storage="c:\users\camilomortigo\documents\on-boarding-tasks\tests\bin\release\net8.0\tests.dll" id="627b2988-67d9-38a5-c80b-79ebb8a85e25">
      <Execution id="d9639fb9-2cf6-400f-a9ca-f13de2917af4" />
      <TestMethod codeBase="C:\Users\CamiloMortigo\Documents\on-boarding-tasks\tests\bin\Release\net8.0\tests.dll" adapterTypeName="executor://nunit3testexecutor/" className="tests.APITests" name="GetUsersListTest" />
    </UnitTest>
    <UnitTest name="CreateNewUserTest" storage="c:\users\camilomortigo\documents\on-boarding-tasks\tests\bin\release\net8.0\tests.dll" id="8789fb38-601e-45ce-988c-0ad58291c7ef">
      <Execution id="ffe699fd-2d67-4ab0-aab7-bbb37de466bc" />
      <TestMethod codeBase="C:\Users\CamiloMortigo\Documents\on-boarding-tasks\tests\bin\Release\net8.0\tests.dll" adapterTypeName="executor://nunit3testexecutor/" className="tests.APITests" name="CreateNewUserTest" />
    </UnitTest>
    <UnitTest name="LoginWithLockedOutUser" storage="c:\users\camilomortigo\documents\on-boarding-tasks\tests\bin\release\net8.0\tests.dll" id="5fd7123a-f293-a1c8-8b3b-07f7a689fdc2">
      <Execution id="14b53143-acef-4ce1-9c71-0960deaa3237" />
      <TestMethod codeBase="C:\Users\CamiloMortigo\Documents\on-boarding-tasks\tests\bin\Release\net8.0\tests.dll" adapterTypeName="executor://nunit3testexecutor/" className="tests.UITests" name="LoginWithLockedOutUser" />
    </UnitTest>
    <UnitTest name="VerifyShoppingPageTest" storage="c:\users\camilomortigo\documents\on-boarding-tasks\tests\bin\release\net8.0\tests.dll" id="4fd3b60f-141c-c701-940e-e758a363de87">
      <Execution id="4a526e36-cdd7-4076-aaf6-9b689420c6a6" />
      <TestMethod codeBase="C:\Users\CamiloMortigo\Documents\on-boarding-tasks\tests\bin\Release\net8.0\tests.dll" adapterTypeName="executor://nunit3testexecutor/" className="tests.UITests" name="VerifyShoppingPageTest" />
    </UnitTest>
  </TestDefinitions>
  <TestEntries>
    <TestEntry testId="627b2988-67d9-38a5-c80b-79ebb8a85e25" executionId="d9639fb9-2cf6-400f-a9ca-f13de2917af4" testListId="8c84fa94-04c1-424b-9868-57a2d4851a1d" />
    <TestEntry testId="8789fb38-601e-45ce-988c-0ad58291c7ef" executionId="ffe699fd-2d67-4ab0-aab7-bbb37de466bc" testListId="8c84fa94-04c1-424b-9868-57a2d4851a1d" />
    <TestEntry testId="5fd7123a-f293-a1c8-8b3b-07f7a689fdc2" executionId="14b53143-acef-4ce1-9c71-0960deaa3237" testListId="8c84fa94-04c1-424b-9868-57a2d4851a1d" />
    <TestEntry testId="4fd3b60f-141c-c701-940e-e758a363de87" executionId="4a526e36-cdd7-4076-aaf6-9b689420c6a6" testListId="8c84fa94-04c1-424b-9868-57a2d4851a1d" />
  </TestEntries>
  <TestLists>
    <TestList name="Results Not in a List" id="8c84fa94-04c1-424b-9868-57a2d4851a1d" />
    <TestList name="All Loaded Results" id="19431567-8539-422a-85d7-44ee4e166bda" />
  </TestLists>
  <ResultSummary outcome="Failed">
    <Counters total="4" executed="4" passed="0" failed="4" error="0" timeout="0" aborted="0" inconclusive="0" passedButRunAborted="0" notRunnable="0" notExecuted="0" disconnected="0" warning="0" completed="0" inProgress="0" pending="0" />
    <Output>
      <StdOut>NUnit Adapter 5.0.0.0: Test execution started&#xD;
Running all tests in C:\Users\CamiloMortigo\Documents\on-boarding-tasks\tests\bin\Release\net8.0\tests.dll&#xD;
   NUnit3TestExecutor discovered 4 of 4 NUnit test cases using Current Discovery mode, Non-Explicit run&#xD;
NUnit Adapter 5.0.0.0: Test execution complete&#xD;
</StdOut>
    </Output>
  </ResultSummary>
</TestRun>