<?xml version="1.0" encoding="utf-8"?>
<TestRun id="49f07db0-18ea-4377-9257-b74497cd0c47" name="CamiloMortigo@EPCOBOGW0221 2025-03-26 23:44:34" runUser="AzureAD\CamiloMortigo" xmlns="http://microsoft.com/schemas/VisualStudio/TeamTest/2010">
  <Times creation="2025-03-26T23:44:34.1503377-05:00" queuing="2025-03-26T23:44:34.1503382-05:00" start="2025-03-26T23:44:32.2553136-05:00" finish="2025-03-26T23:44:36.0249140-05:00" />
  <TestSettings name="default" id="de559b18-4e14-4336-a451-c2979b5e6b9b">
    <Deployment runDeploymentRoot="CamiloMortigo_EPCOBOGW0221_2025-03-26_23_44_34" />
  </TestSettings>
  <Results>
    <UnitTestResult executionId="1c1c7c48-8e26-41bf-98ec-aee67e6097b6" testId="4fd3b60f-141c-c701-940e-e758a363de87" testName="VerifyShoppingPageTest" computerName="EPCOBOGW0221" duration="00:00:01.7872480" startTime="2025-03-26T23:44:34.1795568-05:00" endTime="2025-03-26T23:44:35.9668042-05:00" testType="13cdc9d9-ddb5-4fa4-a97d-d965ccfc6d4b" outcome="Failed" testListId="8c84fa94-04c1-424b-9868-57a2d4851a1d" relativeResultsDirectory="1c1c7c48-8e26-41bf-98ec-aee67e6097b6">
      <Output>
        <ErrorInfo>
          <Message>Microsoft.Playwright.PlaywrightException : Executable doesn't exist at C:\Users\CamiloMortigo\AppData\Local\ms-playwright\chromium_headless_shell-1155\chrome-win\headless_shell.exe&#xD;
╔════════════════════════════════════════════════════════════╗&#xD;
║ Looks like Playwright was just installed or updated.       ║&#xD;
║ Please run the following command to download new browsers: ║&#xD;
║                                                            ║&#xD;
║     pwsh bin/Debug/netX/playwright.ps1 install             ║&#xD;
║                                                            ║&#xD;
║ &lt;3 Playwright Team                                         ║&#xD;
╚════════════════════════════════════════════════════════════╝&#xD;
TearDown : System.NullReferenceException : Object reference not set to an instance of an object.</Message>
          <StackTrace>   at Microsoft.Playwright.Transport.Connection.InnerSendMessageToServerAsync[T](ChannelOwner object, String method, Dictionary`2 dictionary, Boolean keepNulls) in /_/src/Playwright/Transport/Connection.cs:line 206&#xD;
   at Microsoft.Playwright.Transport.Connection.WrapApiCallAsync[T](Func`1 action, Boolean isInternal) in /_/src/Playwright/Transport/Connection.cs:line 535&#xD;
   at Microsoft.Playwright.Core.BrowserType.LaunchAsync(BrowserTypeLaunchOptions options) in /_/src/Playwright/Core/BrowserType.cs:line 56&#xD;
   at tests.UITests.Setup() in C:\Users\CamiloMortigo\Documents\on-boarding-tasks\tests\UITests.cs:line 21&#xD;
   at NUnit.Framework.Internal.TaskAwaitAdapter.GenericAdapter`1.BlockUntilCompleted()&#xD;
   at NUnit.Framework.Internal.MessagePumpStrategy.NoMessagePumpStrategy.WaitForCompletion(AwaitAdapter awaiter)&#xD;
   at NUnit.Framework.Internal.AsyncToSyncAdapter.Await(Func`1 invoke)&#xD;
   at NUnit.Framework.Internal.Commands.SetUpTearDownItem.RunSetUpOrTearDownMethod(TestExecutionContext context, IMethodInfo method)&#xD;
   at NUnit.Framework.Internal.Commands.SetUpTearDownItem.RunSetUp(TestExecutionContext context)&#xD;
   at NUnit.Framework.Internal.Commands.SetUpTearDownCommand.&lt;&gt;c__DisplayClass0_0.&lt;.ctor&gt;b__0(TestExecutionContext context)&#xD;
   at NUnit.Framework.Internal.Commands.BeforeAndAfterTestCommand.&lt;&gt;c__DisplayClass1_0.&lt;Execute&gt;b__0()&#xD;
   at NUnit.Framework.Internal.Commands.DelegatingTestCommand.RunTestMethodInThreadAbortSafeZone(TestExecutionContext context, Action action)&#xD;
--TearDown&#xD;
   at tests.UITests.TearDown() in C:\Users\CamiloMortigo\Documents\on-boarding-tasks\tests\UITests.cs:line 54&#xD;
   at NUnit.Framework.Internal.TaskAwaitAdapter.GenericAdapter`1.GetResult()&#xD;
   at NUnit.Framework.Internal.AsyncToSyncAdapter.Await(Func`1 invoke)&#xD;
   at NUnit.Framework.Internal.Commands.SetUpTearDownItem.RunSetUpOrTearDownMethod(TestExecutionContext context, IMethodInfo method)&#xD;
   at NUnit.Framework.Internal.Commands.SetUpTearDownItem.RunTearDown(TestExecutionContext context)
</StackTrace>
        </ErrorInfo>
      </Output>
    </UnitTestResult>
    <UnitTestResult executionId="f5d92db1-5a5c-4a56-857b-fa367adc4196" testId="5fd7123a-f293-a1c8-8b3b-07f7a689fdc2" testName="LoginWithLockedOutUser" computerName="EPCOBOGW0221" duration="00:00:00.4164600" startTime="2025-03-26T23:44:33.7630515-05:00" endTime="2025-03-26T23:44:34.1795108-05:00" testType="13cdc9d9-ddb5-4fa4-a97d-d965ccfc6d4b" outcome="Failed" testListId="8c84fa94-04c1-424b-9868-57a2d4851a1d" relativeResultsDirectory="f5d92db1-5a5c-4a56-857b-fa367adc4196">
      <Output>
        <ErrorInfo>
          <Message>Microsoft.Playwright.PlaywrightException : Executable doesn't exist at C:\Users\CamiloMortigo\AppData\Local\ms-playwright\chromium_headless_shell-1155\chrome-win\headless_shell.exe&#xD;
╔════════════════════════════════════════════════════════════╗&#xD;
║ Looks like Playwright was just installed or updated.       ║&#xD;
║ Please run the following command to download new browsers: ║&#xD;
║                                                            ║&#xD;
║     pwsh bin/Debug/netX/playwright.ps1 install             ║&#xD;
║                                                            ║&#xD;
║ &lt;3 Playwright Team                                         ║&#xD;
╚════════════════════════════════════════════════════════════╝&#xD;
TearDown : System.NullReferenceException : Object reference not set to an instance of an object.</Message>
          <StackTrace>   at Microsoft.Playwright.Transport.Connection.InnerSendMessageToServerAsync[T](ChannelOwner object, String method, Dictionary`2 dictionary, Boolean keepNulls) in /_/src/Playwright/Transport/Connection.cs:line 206&#xD;
   at Microsoft.Playwright.Transport.Connection.WrapApiCallAsync[T](Func`1 action, Boolean isInternal) in /_/src/Playwright/Transport/Connection.cs:line 535&#xD;
   at Microsoft.Playwright.Core.BrowserType.LaunchAsync(BrowserTypeLaunchOptions options) in /_/src/Playwright/Core/BrowserType.cs:line 56&#xD;
   at tests.UITests.Setup() in C:\Users\CamiloMortigo\Documents\on-boarding-tasks\tests\UITests.cs:line 21&#xD;
   at NUnit.Framework.Internal.TaskAwaitAdapter.GenericAdapter`1.BlockUntilCompleted()&#xD;
   at NUnit.Framework.Internal.MessagePumpStrategy.NoMessagePumpStrategy.WaitForCompletion(AwaitAdapter awaiter)&#xD;
   at NUnit.Framework.Internal.AsyncToSyncAdapter.Await(Func`1 invoke)&#xD;
   at NUnit.Framework.Internal.Commands.SetUpTearDownItem.RunSetUpOrTearDownMethod(TestExecutionContext context, IMethodInfo method)&#xD;
   at NUnit.Framework.Internal.Commands.SetUpTearDownItem.RunSetUp(TestExecutionContext context)&#xD;
   at NUnit.Framework.Internal.Commands.SetUpTearDownCommand.&lt;&gt;c__DisplayClass0_0.&lt;.ctor&gt;b__0(TestExecutionContext context)&#xD;
   at NUnit.Framework.Internal.Commands.BeforeAndAfterTestCommand.&lt;&gt;c__DisplayClass1_0.&lt;Execute&gt;b__0()&#xD;
   at NUnit.Framework.Internal.Commands.DelegatingTestCommand.RunTestMethodInThreadAbortSafeZone(TestExecutionContext context, Action action)&#xD;
--TearDown&#xD;
   at tests.UITests.TearDown() in C:\Users\CamiloMortigo\Documents\on-boarding-tasks\tests\UITests.cs:line 54&#xD;
   at NUnit.Framework.Internal.TaskAwaitAdapter.GenericAdapter`1.GetResult()&#xD;
   at NUnit.Framework.Internal.AsyncToSyncAdapter.Await(Func`1 invoke)&#xD;
   at NUnit.Framework.Internal.Commands.SetUpTearDownItem.RunSetUpOrTearDownMethod(TestExecutionContext context, IMethodInfo method)&#xD;
   at NUnit.Framework.Internal.Commands.SetUpTearDownItem.RunTearDown(TestExecutionContext context)
</StackTrace>
        </ErrorInfo>
      </Output>
    </UnitTestResult>
    <UnitTestResult executionId="64a1d8c4-c346-4262-8a0e-846a12f95859" testId="8789fb38-601e-45ce-988c-0ad58291c7ef" testName="CreateNewUserTest" computerName="EPCOBOGW0221" duration="00:00:00.5716710" startTime="2025-03-26T23:44:32.8023556-05:00" endTime="2025-03-26T23:44:33.3739725-05:00" testType="13cdc9d9-ddb5-4fa4-a97d-d965ccfc6d4b" outcome="Failed" testListId="8c84fa94-04c1-424b-9868-57a2d4851a1d" relativeResultsDirectory="64a1d8c4-c346-4262-8a0e-846a12f95859">
      <Output>
        <ErrorInfo>
          <Message>Microsoft.Playwright.PlaywrightException : Executable doesn't exist at C:\Users\CamiloMortigo\AppData\Local\ms-playwright\chromium_headless_shell-1155\chrome-win\headless_shell.exe&#xD;
╔════════════════════════════════════════════════════════════╗&#xD;
║ Looks like Playwright was just installed or updated.       ║&#xD;
║ Please run the following command to download new browsers: ║&#xD;
║                                                            ║&#xD;
║     pwsh bin/Debug/netX/playwright.ps1 install             ║&#xD;
║                                                            ║&#xD;
║ &lt;3 Playwright Team                                         ║&#xD;
╚════════════════════════════════════════════════════════════╝&#xD;
TearDown : System.NullReferenceException : Object reference not set to an instance of an object.</Message>
          <StackTrace>   at Microsoft.Playwright.Transport.Connection.InnerSendMessageToServerAsync[T](ChannelOwner object, String method, Dictionary`2 dictionary, Boolean keepNulls) in /_/src/Playwright/Transport/Connection.cs:line 206&#xD;
   at Microsoft.Playwright.Transport.Connection.WrapApiCallAsync[T](Func`1 action, Boolean isInternal) in /_/src/Playwright/Transport/Connection.cs:line 535&#xD;
   at Microsoft.Playwright.Core.BrowserType.LaunchAsync(BrowserTypeLaunchOptions options) in /_/src/Playwright/Core/BrowserType.cs:line 56&#xD;
   at tests.APITests.Setup() in C:\Users\CamiloMortigo\Documents\on-boarding-tasks\tests\APITests.cs:line 26&#xD;
   at NUnit.Framework.Internal.TaskAwaitAdapter.GenericAdapter`1.BlockUntilCompleted()&#xD;
   at NUnit.Framework.Internal.MessagePumpStrategy.NoMessagePumpStrategy.WaitForCompletion(AwaitAdapter awaiter)&#xD;
   at NUnit.Framework.Internal.AsyncToSyncAdapter.Await(Func`1 invoke)&#xD;
   at NUnit.Framework.Internal.Commands.SetUpTearDownItem.RunSetUpOrTearDownMethod(TestExecutionContext context, IMethodInfo method)&#xD;
   at NUnit.Framework.Internal.Commands.SetUpTearDownItem.RunSetUp(TestExecutionContext context)&#xD;
   at NUnit.Framework.Internal.Commands.SetUpTearDownCommand.&lt;&gt;c__DisplayClass0_0.&lt;.ctor&gt;b__0(TestExecutionContext context)&#xD;
   at NUnit.Framework.Internal.Commands.BeforeAndAfterTestCommand.&lt;&gt;c__DisplayClass1_0.&lt;Execute&gt;b__0()&#xD;
   at NUnit.Framework.Internal.Commands.DelegatingTestCommand.RunTestMethodInThreadAbortSafeZone(TestExecutionContext context, Action action)&#xD;
--TearDown&#xD;
   at tests.APITests.Cleanup() in C:\Users\CamiloMortigo\Documents\on-boarding-tasks\tests\APITests.cs:line 71&#xD;
   at NUnit.Framework.Internal.TaskAwaitAdapter.GenericAdapter`1.GetResult()&#xD;
   at NUnit.Framework.Internal.AsyncToSyncAdapter.Await(Func`1 invoke)&#xD;
   at NUnit.Framework.Internal.Commands.SetUpTearDownItem.RunSetUpOrTearDownMethod(TestExecutionContext context, IMethodInfo method)&#xD;
   at NUnit.Framework.Internal.Commands.SetUpTearDownItem.RunTearDown(TestExecutionContext context)
</StackTrace>
        </ErrorInfo>
      </Output>
    </UnitTestResult>
    <UnitTestResult executionId="94f728f1-4bcc-4716-8e06-7691210f70a1" testId="627b2988-67d9-38a5-c80b-79ebb8a85e25" testName="GetUsersListTest" computerName="EPCOBOGW0221" duration="00:00:00.3851040" startTime="2025-03-26T23:44:33.3748847-05:00" endTime="2025-03-26T23:44:33.7599881-05:00" testType="13cdc9d9-ddb5-4fa4-a97d-d965ccfc6d4b" outcome="Failed" testListId="8c84fa94-04c1-424b-9868-57a2d4851a1d" relativeResultsDirectory="94f728f1-4bcc-4716-8e06-7691210f70a1">
      <Output>
        <ErrorInfo>
          <Message>Microsoft.Playwright.PlaywrightException : Executable doesn't exist at C:\Users\CamiloMortigo\AppData\Local\ms-playwright\chromium_headless_shell-1155\chrome-win\headless_shell.exe&#xD;
╔════════════════════════════════════════════════════════════╗&#xD;
║ Looks like Playwright was just installed or updated.       ║&#xD;
║ Please run the following command to download new browsers: ║&#xD;
║                                                            ║&#xD;
║     pwsh bin/Debug/netX/playwright.ps1 install             ║&#xD;
║                                                            ║&#xD;
║ &lt;3 Playwright Team                                         ║&#xD;
╚════════════════════════════════════════════════════════════╝&#xD;
TearDown : System.NullReferenceException : Object reference not set to an instance of an object.</Message>
          <StackTrace>   at Microsoft.Playwright.Transport.Connection.InnerSendMessageToServerAsync[T](ChannelOwner object, String method, Dictionary`2 dictionary, Boolean keepNulls) in /_/src/Playwright/Transport/Connection.cs:line 206&#xD;
   at Microsoft.Playwright.Transport.Connection.WrapApiCallAsync[T](Func`1 action, Boolean isInternal) in /_/src/Playwright/Transport/Connection.cs:line 535&#xD;
   at Microsoft.Playwright.Core.BrowserType.LaunchAsync(BrowserTypeLaunchOptions options) in /_/src/Playwright/Core/BrowserType.cs:line 56&#xD;
   at tests.APITests.Setup() in C:\Users\CamiloMortigo\Documents\on-boarding-tasks\tests\APITests.cs:line 26&#xD;
   at NUnit.Framework.Internal.TaskAwaitAdapter.GenericAdapter`1.BlockUntilCompleted()&#xD;
   at NUnit.Framework.Internal.MessagePumpStrategy.NoMessagePumpStrategy.WaitForCompletion(AwaitAdapter awaiter)&#xD;
   at NUnit.Framework.Internal.AsyncToSyncAdapter.Await(Func`1 invoke)&#xD;
   at NUnit.Framework.Internal.Commands.SetUpTearDownItem.RunSetUpOrTearDownMethod(TestExecutionContext context, IMethodInfo method)&#xD;
   at NUnit.Framework.Internal.Commands.SetUpTearDownItem.RunSetUp(TestExecutionContext context)&#xD;
   at NUnit.Framework.Internal.Commands.SetUpTearDownCommand.&lt;&gt;c__DisplayClass0_0.&lt;.ctor&gt;b__0(TestExecutionContext context)&#xD;
   at NUnit.Framework.Internal.Commands.BeforeAndAfterTestCommand.&lt;&gt;c__DisplayClass1_0.&lt;Execute&gt;b__0()&#xD;
   at NUnit.Framework.Internal.Commands.DelegatingTestCommand.RunTestMethodInThreadAbortSafeZone(TestExecutionContext context, Action action)&#xD;
--TearDown&#xD;
   at tests.APITests.Cleanup() in C:\Users\CamiloMortigo\Documents\on-boarding-tasks\tests\APITests.cs:line 71&#xD;
   at NUnit.Framework.Internal.TaskAwaitAdapter.GenericAdapter`1.GetResult()&#xD;
   at NUnit.Framework.Internal.AsyncToSyncAdapter.Await(Func`1 invoke)&#xD;
   at NUnit.Framework.Internal.Commands.SetUpTearDownItem.RunSetUpOrTearDownMethod(TestExecutionContext context, IMethodInfo method)&#xD;
   at NUnit.Framework.Internal.Commands.SetUpTearDownItem.RunTearDown(TestExecutionContext context)
</StackTrace>
        </ErrorInfo>
      </Output>
    </UnitTestResult>
  </Results>
  <TestDefinitions>
    <UnitTest name="GetUsersListTest" storage="c:\users\camilomortigo\documents\on-boarding-tasks\tests\bin\debug\net8.0\tests.dll" id="627b2988-67d9-38a5-c80b-79ebb8a85e25">
      <Execution id="94f728f1-4bcc-4716-8e06-7691210f70a1" />
      <TestMethod codeBase="C:\Users\CamiloMortigo\Documents\on-boarding-tasks\tests\bin\Debug\net8.0\tests.dll" adapterTypeName="executor://nunit3testexecutor/" className="tests.APITests" name="GetUsersListTest" />
    </UnitTest>
    <UnitTest name="CreateNewUserTest" storage="c:\users\camilomortigo\documents\on-boarding-tasks\tests\bin\debug\net8.0\tests.dll" id="8789fb38-601e-45ce-988c-0ad58291c7ef">
      <Execution id="64a1d8c4-c346-4262-8a0e-846a12f95859" />
      <TestMethod codeBase="C:\Users\CamiloMortigo\Documents\on-boarding-tasks\tests\bin\Debug\net8.0\tests.dll" adapterTypeName="executor://nunit3testexecutor/" className="tests.APITests" name="CreateNewUserTest" />
    </UnitTest>
    <UnitTest name="LoginWithLockedOutUser" storage="c:\users\camilomortigo\documents\on-boarding-tasks\tests\bin\debug\net8.0\tests.dll" id="5fd7123a-f293-a1c8-8b3b-07f7a689fdc2">
      <Execution id="f5d92db1-5a5c-4a56-857b-fa367adc4196" />
      <TestMethod codeBase="C:\Users\CamiloMortigo\Documents\on-boarding-tasks\tests\bin\Debug\net8.0\tests.dll" adapterTypeName="executor://nunit3testexecutor/" className="tests.UITests" name="LoginWithLockedOutUser" />
    </UnitTest>
    <UnitTest name="VerifyShoppingPageTest" storage="c:\users\camilomortigo\documents\on-boarding-tasks\tests\bin\debug\net8.0\tests.dll" id="4fd3b60f-141c-c701-940e-e758a363de87">
      <Execution id="1c1c7c48-8e26-41bf-98ec-aee67e6097b6" />
      <TestMethod codeBase="C:\Users\CamiloMortigo\Documents\on-boarding-tasks\tests\bin\Debug\net8.0\tests.dll" adapterTypeName="executor://nunit3testexecutor/" className="tests.UITests" name="VerifyShoppingPageTest" />
    </UnitTest>
  </TestDefinitions>
  <TestEntries>
    <TestEntry testId="4fd3b60f-141c-c701-940e-e758a363de87" executionId="1c1c7c48-8e26-41bf-98ec-aee67e6097b6" testListId="8c84fa94-04c1-424b-9868-57a2d4851a1d" />
    <TestEntry testId="5fd7123a-f293-a1c8-8b3b-07f7a689fdc2" executionId="f5d92db1-5a5c-4a56-857b-fa367adc4196" testListId="8c84fa94-04c1-424b-9868-57a2d4851a1d" />
    <TestEntry testId="8789fb38-601e-45ce-988c-0ad58291c7ef" executionId="64a1d8c4-c346-4262-8a0e-846a12f95859" testListId="8c84fa94-04c1-424b-9868-57a2d4851a1d" />
    <TestEntry testId="627b2988-67d9-38a5-c80b-79ebb8a85e25" executionId="94f728f1-4bcc-4716-8e06-7691210f70a1" testListId="8c84fa94-04c1-424b-9868-57a2d4851a1d" />
  </TestEntries>
  <TestLists>
    <TestList name="Results Not in a List" id="8c84fa94-04c1-424b-9868-57a2d4851a1d" />
    <TestList name="All Loaded Results" id="19431567-8539-422a-85d7-44ee4e166bda" />
  </TestLists>
  <ResultSummary outcome="Failed">
    <Counters total="4" executed="4" passed="0" failed="4" error="0" timeout="0" aborted="0" inconclusive="0" passedButRunAborted="0" notRunnable="0" notExecuted="0" disconnected="0" warning="0" completed="0" inProgress="0" pending="0" />
    <Output>
      <StdOut>NUnit Adapter 5.0.0.0: Test execution started&#xD;
Running all tests in C:\Users\CamiloMortigo\Documents\on-boarding-tasks\tests\bin\Debug\net8.0\tests.dll&#xD;
   NUnit3TestExecutor discovered 4 of 4 NUnit test cases using Current Discovery mode, Non-Explicit run&#xD;
NUnit Adapter 5.0.0.0: Test execution complete&#xD;
</StdOut>
    </Output>
  </ResultSummary>
</TestRun>