<?xml version="1.0" encoding="utf-8"?>
<TestRun id="c6c59fae-57ab-4c5c-8164-6a21ddbb3515" name="juan.mortigo@COL-LT-240401A 2025-03-17 13:16:55" runUser="UNOSQUARE\juan.mortigo" xmlns="http://microsoft.com/schemas/VisualStudio/TeamTest/2010">
  <Times creation="2025-03-17T13:16:55.8309035-05:00" queuing="2025-03-17T13:16:55.8309041-05:00" start="2025-03-17T13:16:46.3603123-05:00" finish="2025-03-17T13:17:03.9032313-05:00" />
  <TestSettings name="default" id="f587898b-cd07-4d61-a14d-81b86477de47">
    <Deployment runDeploymentRoot="juan.mortigo_COL-LT-240401A_2025-03-17_13_16_55" />
  </TestSettings>
  <Results>
    <UnitTestResult executionId="2f0c610a-9c05-4ac3-81ab-d139429662f6" testId="4fd3b60f-141c-c701-940e-e758a363de87" testName="VerifyShoppingPageTest" computerName="COL-LT-240401A" duration="00:00:03.7115410" startTime="2025-03-17T13:17:00.1260112-05:00" endTime="2025-03-17T13:17:03.8375525-05:00" testType="13cdc9d9-ddb5-4fa4-a97d-d965ccfc6d4b" outcome="Passed" testListId="8c84fa94-04c1-424b-9868-57a2d4851a1d" relativeResultsDirectory="2f0c610a-9c05-4ac3-81ab-d139429662f6" />
    <UnitTestResult executionId="e8412b4a-e9e7-4bdd-a687-a7213129745e" testId="8789fb38-601e-45ce-988c-0ad58291c7ef" testName="CreateNewUserTest" computerName="COL-LT-240401A" duration="00:00:07.9861990" startTime="2025-03-17T13:16:47.7943082-05:00" endTime="2025-03-17T13:16:55.7804195-05:00" testType="13cdc9d9-ddb5-4fa4-a97d-d965ccfc6d4b" outcome="Passed" testListId="8c84fa94-04c1-424b-9868-57a2d4851a1d" relativeResultsDirectory="e8412b4a-e9e7-4bdd-a687-a7213129745e" />
    <UnitTestResult executionId="930e57ea-e0bc-435c-a2d3-26e47d344d6f" testId="627b2988-67d9-38a5-c80b-79ebb8a85e25" testName="GetUsersListTest" computerName="COL-LT-240401A" duration="00:00:02.0672030" startTime="2025-03-17T13:16:55.7822975-05:00" endTime="2025-03-17T13:16:57.8495005-05:00" testType="13cdc9d9-ddb5-4fa4-a97d-d965ccfc6d4b" outcome="Passed" testListId="8c84fa94-04c1-424b-9868-57a2d4851a1d" relativeResultsDirectory="930e57ea-e0bc-435c-a2d3-26e47d344d6f" />
    <UnitTestResult executionId="3fb6924e-6615-4b92-afa8-5ccfcea35f98" testId="5fd7123a-f293-a1c8-8b3b-07f7a689fdc2" testName="LoginWithLockedOutUser" computerName="COL-LT-240401A" duration="00:00:02.2626430" startTime="2025-03-17T13:16:57.8519497-05:00" endTime="2025-03-17T13:17:00.1145922-05:00" testType="13cdc9d9-ddb5-4fa4-a97d-d965ccfc6d4b" outcome="Passed" testListId="8c84fa94-04c1-424b-9868-57a2d4851a1d" relativeResultsDirectory="3fb6924e-6615-4b92-afa8-5ccfcea35f98" />
  </Results>
  <TestDefinitions>
    <UnitTest name="GetUsersListTest" storage="c:\users\juan.mortigo\source\repos\on-boarding-project\tests\bin\debug\net8.0\tests.dll" id="627b2988-67d9-38a5-c80b-79ebb8a85e25">
      <Execution id="930e57ea-e0bc-435c-a2d3-26e47d344d6f" />
      <TestMethod codeBase="C:\Users\juan.mortigo\source\repos\on-boarding-project\tests\bin\Debug\net8.0\tests.dll" adapterTypeName="executor://nunit3testexecutor/" className="tests.APITests" name="GetUsersListTest" />
    </UnitTest>
    <UnitTest name="CreateNewUserTest" storage="c:\users\juan.mortigo\source\repos\on-boarding-project\tests\bin\debug\net8.0\tests.dll" id="8789fb38-601e-45ce-988c-0ad58291c7ef">
      <Execution id="e8412b4a-e9e7-4bdd-a687-a7213129745e" />
      <TestMethod codeBase="C:\Users\juan.mortigo\source\repos\on-boarding-project\tests\bin\Debug\net8.0\tests.dll" adapterTypeName="executor://nunit3testexecutor/" className="tests.APITests" name="CreateNewUserTest" />
    </UnitTest>
    <UnitTest name="LoginWithLockedOutUser" storage="c:\users\juan.mortigo\source\repos\on-boarding-project\tests\bin\debug\net8.0\tests.dll" id="5fd7123a-f293-a1c8-8b3b-07f7a689fdc2">
      <Execution id="3fb6924e-6615-4b92-afa8-5ccfcea35f98" />
      <TestMethod codeBase="C:\Users\juan.mortigo\source\repos\on-boarding-project\tests\bin\Debug\net8.0\tests.dll" adapterTypeName="executor://nunit3testexecutor/" className="tests.UITests" name="LoginWithLockedOutUser" />
    </UnitTest>
    <UnitTest name="VerifyShoppingPageTest" storage="c:\users\juan.mortigo\source\repos\on-boarding-project\tests\bin\debug\net8.0\tests.dll" id="4fd3b60f-141c-c701-940e-e758a363de87">
      <Execution id="2f0c610a-9c05-4ac3-81ab-d139429662f6" />
      <TestMethod codeBase="C:\Users\juan.mortigo\source\repos\on-boarding-project\tests\bin\Debug\net8.0\tests.dll" adapterTypeName="executor://nunit3testexecutor/" className="tests.UITests" name="VerifyShoppingPageTest" />
    </UnitTest>
  </TestDefinitions>
  <TestEntries>
    <TestEntry testId="4fd3b60f-141c-c701-940e-e758a363de87" executionId="2f0c610a-9c05-4ac3-81ab-d139429662f6" testListId="8c84fa94-04c1-424b-9868-57a2d4851a1d" />
    <TestEntry testId="8789fb38-601e-45ce-988c-0ad58291c7ef" executionId="e8412b4a-e9e7-4bdd-a687-a7213129745e" testListId="8c84fa94-04c1-424b-9868-57a2d4851a1d" />
    <TestEntry testId="627b2988-67d9-38a5-c80b-79ebb8a85e25" executionId="930e57ea-e0bc-435c-a2d3-26e47d344d6f" testListId="8c84fa94-04c1-424b-9868-57a2d4851a1d" />
    <TestEntry testId="5fd7123a-f293-a1c8-8b3b-07f7a689fdc2" executionId="3fb6924e-6615-4b92-afa8-5ccfcea35f98" testListId="8c84fa94-04c1-424b-9868-57a2d4851a1d" />
  </TestEntries>
  <TestLists>
    <TestList name="Resultados sin formato de lista" id="8c84fa94-04c1-424b-9868-57a2d4851a1d" />
    <TestList name="Todos los resultados cargados" id="19431567-8539-422a-85d7-44ee4e166bda" />
  </TestLists>
  <ResultSummary outcome="Completed">
    <Counters total="4" executed="4" passed="4" failed="0" error="0" timeout="0" aborted="0" inconclusive="0" passedButRunAborted="0" notRunnable="0" notExecuted="0" disconnected="0" warning="0" completed="0" inProgress="0" pending="0" />
    <Output>
      <StdOut>NUnit Adapter 4.4.0.0: Test execution started&#xD;
Running all tests in C:\Users\juan.mortigo\source\repos\on-boarding-project\tests\bin\Debug\net8.0\tests.dll&#xD;
   NUnit3TestExecutor discovered 4 of 4 NUnit test cases using Current Discovery mode, Non-Explicit run&#xD;
NUnit Adapter 4.4.0.0: Test execution complete&#xD;
</StdOut>
    </Output>
  </ResultSummary>
</TestRun>